20240731	20:22:10	SUCCESS	app.listen	http search site successfully started.	7a824ece-2dbc-4a8d-bf55-4de6927b7cbe
20240731	20:22:30	INFO	app.get	landing page (index.ejs) was displayed.	5f2aa680-1186-49d9-968f-4034c8382b93
20240731	20:22:52	INFO	app.get	landing page (index.ejs) was displayed.	1c7bdd3a-8c63-4509-84e0-b5ec2eecb874
20240731	20:22:53	INFO	app.get /about	about page (about.ejs) was displayed.	b3e1d7cb-fed5-4289-99bb-db342876a868
20240731	20:25:09	INFO	app.get	landing page (index.ejs) was displayed.	53bc4c63-ee0e-48fb-9ea5-74ade5bc5a0a
20240731	20:26:31	INFO	app.get	landing page (index.ejs) was displayed.	5d1df91d-92b5-455b-acd5-87b9c8ca92b5
20240731	20:27:01	INFO	app.get	landing page (index.ejs) was displayed.	4ae3b80d-6092-4eea-94bf-2c79199506db
20240731	20:28:39	INFO	app.get	landing page (index.ejs) was displayed.	9d0e283f-636b-4d0f-bc28-b50cc3476302
20240731	20:31:25	INFO	app.get	landing page (index.ejs) was displayed.	fe6dbf7d-99e4-45c2-9894-c09400755410
20240731	20:31:39	INFO	app.get	landing page (index.ejs) was displayed.	aaf01e0c-bd3a-49cf-92af-f648c6f5b318
20240731	20:34:47	INFO	app.get	landing page (index.ejs) was displayed.	d533dcad-0b1e-4b2b-be02-7ac00d512a8a
20240731	20:45:05	INFO	app.get	landing page (index.ejs) was displayed.	adba249f-bfeb-435f-9c81-c3fee3fa90df
20240731	20:45:47	INFO	app.get	landing page (index.ejs) was displayed.	74bd48b4-cab9-4dfd-a7d0-678753fefe72
20240731	21:00:02	INFO	app.get	landing page (index.ejs) was displayed.	144d4f84-5dd2-4e71-b38d-2536c9a67e93
20240731	21:03:44	INFO	app.get	landing page (index.ejs) was displayed.	d538bd8e-aa94-4569-9dc8-717232ddeb4c
20240731	21:06:39	INFO	app.get	landing page (index.ejs) was displayed.	bf4f41c9-0696-456b-9764-7ac43830942d
20240731	21:07:22	INFO	app.get	landing page (index.ejs) was displayed.	b0bc1450-e39a-4081-8ceb-e52111de85b5
20240731	21:10:01	INFO	app.get	landing page (index.ejs) was displayed.	8b5bdb72-162f-470b-b62b-aba7ebfc308b
20240731	21:11:29	INFO	app.get	landing page (index.ejs) was displayed.	b33e86e2-0f5f-475e-a844-6466499e9744
20240731	21:13:35	INFO	app.get	landing page (index.ejs) was displayed.	4be12b64-c181-4c11-b71d-747a6f60351a
20240731	21:13:45	INFO	app.get	landing page (index.ejs) was displayed.	0bd2fe34-4e6a-420f-95d6-8be66a2c1509
20240731	21:14:47	INFO	app.get	landing page (index.ejs) was displayed.	9ef1a612-5b42-47bb-848b-5e0c97605819
20240731	21:24:13	INFO	app.get	landing page (index.ejs) was displayed.	d21da617-e840-4bd7-902c-e8eb1251b0bf
20240731	21:25:34	INFO	app.get	landing page (index.ejs) was displayed.	975e8db4-4385-4f7b-b33c-a54990eaa313
20240731	21:26:05	INFO	app.get	landing page (index.ejs) was displayed.	e41c7c13-9e53-46b3-a4e6-bdd50e063fd4
20240731	21:26:34	INFO	app.get	landing page (index.ejs) was displayed.	2a9bab6b-30d7-4d85-a890-fb9beb07f549
20240731	21:27:16	INFO	app.get	landing page (index.ejs) was displayed.	46902c90-45eb-41ab-bc37-6db4cfd6c1ae
20240731	21:27:37	INFO	app.get	landing page (index.ejs) was displayed.	aa57c0bf-e220-463c-ae46-5b0197d2a0f0
20240731	21:28:06	INFO	app.get	landing page (index.ejs) was displayed.	d9dc0d7c-6223-4f25-a398-7a4fa1b7dc07
20240731	21:28:31	INFO	app.get	landing page (index.ejs) was displayed.	a1e4f995-f18d-4212-9269-546cd8e27ecb
20240731	21:33:21	INFO	app.get	landing page (index.ejs) was displayed.	ccb49e74-77c0-4dc4-8375-c8ef0d599e6c
20240731	21:33:24	INFO	app.get	landing page (index.ejs) was displayed.	81d90a0b-c7ab-4c38-aee1-c3fe687d318e
20240731	21:33:45	INFO	app.get	landing page (index.ejs) was displayed.	c3e57396-40dc-4fed-842e-5f3ddb27192b
20240731	21:33:50	INFO	app.get	landing page (index.ejs) was displayed.	ff711bcb-a5f8-4e60-96dc-b191678ca0a8
20240731	21:36:41	INFO	app.get	landing page (index.ejs) was displayed.	e3798218-d60e-41d0-8814-baa25fa20903
20240731	21:41:55	INFO	app.get	landing page (index.ejs) was displayed.	15246567-9bcb-4d06-b86f-0e6e529a4f52
20240731	21:47:08	INFO	app.get	landing page (index.ejs) was displayed.	0b36bba3-da9d-461c-9202-4715e553158a
20240731	21:47:13	INFO	app.get	landing page (index.ejs) was displayed.	e4209e11-b1ce-46a1-baa3-79eac4c29036
20240731	21:58:38	INFO	app.get	landing page (index.ejs) was displayed.	00d239a0-ed09-4a6f-b54b-b909406cb6d1
20240731	22:04:17	INFO	app.get	landing page (index.ejs) was displayed.	1c3839d6-7f0a-496b-9274-42abc3158e61
20240731	22:05:04	INFO	app.get	landing page (index.ejs) was displayed.	1bfa16cd-5d2d-42f4-ab84-1d257cb628ef
20240731	22:07:54	INFO	app.get	landing page (index.ejs) was displayed.	3ece3e60-d707-4f92-a84d-fed3aed22829
20240731	22:07:59	INFO	app.get	landing page (index.ejs) was displayed.	a3d78554-7c1f-4f87-a767-1a4c96d06481
20240731	22:08:40	INFO	app.get	landing page (index.ejs) was displayed.	df337995-f9cc-46b8-ac7b-b0b922611bc6
20240731	22:09:20	INFO	app.get	landing page (index.ejs) was displayed.	3edc5a7c-a70b-481c-ad44-ccf1e373e853
20240731	22:11:00	INFO	app.get	landing page (index.ejs) was displayed.	4686da3b-521a-4f45-a637-dd5a08b04287
20240731	22:11:31	INFO	app.get	landing page (index.ejs) was displayed.	c5e86379-9677-4e7c-9893-fb2c1a2dabd3
20240731	22:11:50	INFO	app.get	landing page (index.ejs) was displayed.	f202620c-b55f-483d-b520-b589163b47a7
20240731	22:12:03	INFO	app.get	landing page (index.ejs) was displayed.	806f500f-6e36-4863-9f9f-6b91ab91e007
20240731	22:12:54	INFO	app.get	landing page (index.ejs) was displayed.	0e7d7599-ee84-4c19-9db4-c80400a2aa23
20240731	22:13:40	INFO	app.get	landing page (index.ejs) was displayed.	f8e4d702-2e4a-425d-8c9f-f037cc90c615
20240731	22:14:56	INFO	app.get	landing page (index.ejs) was displayed.	4f55305a-f6e0-4056-834b-9bcea87f10e2
20240731	22:15:12	INFO	app.get	landing page (index.ejs) was displayed.	235a262a-276c-4ffd-8f44-6077f30a8e83
20240731	22:16:07	INFO	app.get	landing page (index.ejs) was displayed.	6f72e6b6-0848-4ee1-9dde-504620edc3fe
20240731	22:16:58	INFO	app.get	landing page (index.ejs) was displayed.	41af0c6b-a4b9-486d-bd10-7463b61accce
20240731	22:17:30	INFO	app.get	landing page (index.ejs) was displayed.	f95e9439-efad-4117-83b5-2b41c0c6224b
20240731	22:18:21	INFO	app.get	landing page (index.ejs) was displayed.	1db3d3b2-fdda-4088-9d2c-7034f574b0a8
20240731	22:21:58	INFO	app.get	landing page (index.ejs) was displayed.	432fbd99-1c18-4e0b-b279-9174eb54ef67
20240731	22:25:02	INFO	app.get	landing page (index.ejs) was displayed.	b287cba2-ff6c-40fd-a755-0f14da1cf537
20240731	22:25:52	INFO	app.get	landing page (index.ejs) was displayed.	d48ad3a8-89d7-4053-a709-fb71ec7cda65
20240731	22:25:56	INFO	app.get	landing page (index.ejs) was displayed.	60188e3d-00a0-4458-a8d8-42731791ac7b
20240731	22:32:36	INFO	app.get	landing page (index.ejs) was displayed.	c6dd3b34-332a-444e-982b-28ea62272479
20240731	22:33:15	INFO	app.get	landing page (index.ejs) was displayed.	20c5d806-ea40-44b5-b732-0c3223c4c67a
20240731	22:35:58	INFO	app.get	landing page (index.ejs) was displayed.	677237de-afdb-4cce-bc16-37bd76d81c5a
20240731	22:36:33	INFO	app.get	landing page (index.ejs) was displayed.	6a02a80c-988c-4f78-a9f9-06466c884eaa
20240731	22:37:25	INFO	app.get	landing page (index.ejs) was displayed.	e2390509-0b28-48c9-a777-7c4232b1935c
20240731	22:37:40	INFO	app.get	landing page (index.ejs) was displayed.	69fa0623-7f99-40a8-b916-1cfe9e94aa1b
20240731	22:37:42	INFO	app.get	landing page (index.ejs) was displayed.	02ee5a59-129b-47fa-9955-05275ba4750d
20240731	22:37:57	INFO	app.get	landing page (index.ejs) was displayed.	7eaa87e0-205d-456b-b849-5009797fc1e6
20240731	22:38:16	INFO	app.get	landing page (index.ejs) was displayed.	1c5afcb4-5c83-45d5-9780-6e33e5db1244
20240731	22:38:30	INFO	app.get	landing page (index.ejs) was displayed.	5498be3d-a40b-4a06-9b65-3cfee8f885e4
20240731	23:00:42	INFO	app.get	landing page (index.ejs) was displayed.	6db3df43-1474-48f3-96c3-05d94b05ab9f
20240731	23:01:23	INFO	app.get	landing page (index.ejs) was displayed.	da5a52f3-d68f-4605-926e-6ad0c50c35ce
20240731	23:04:45	INFO	app.get	landing page (index.ejs) was displayed.	180b729b-649e-4745-b45c-6b411816b7c9
20240731	23:12:04	INFO	app.get	landing page (index.ejs) was displayed.	a73dc757-6b09-4147-8446-f9f7cf043235
20240731	23:12:08	INFO	app.get	landing page (index.ejs) was displayed.	a39780a3-06bc-47ba-865c-aa249014292f
20240731	23:12:26	INFO	app.get	landing page (index.ejs) was displayed.	060cc03e-abad-4fa8-ab7a-a4ad783b30e9
20240731	23:13:59	INFO	app.get	landing page (index.ejs) was displayed.	4d31fc0c-ab62-4f3a-abdc-0888c687f507
20240731	23:15:18	INFO	app.get	landing page (index.ejs) was displayed.	b4cf0d3d-b790-4e62-8cfc-4b2e49e8d196
20240731	23:15:37	INFO	app.get	landing page (index.ejs) was displayed.	ac83b3d1-4d8b-4baf-bf7f-d9bfb505df0a
20240731	23:15:54	INFO	app.get	landing page (index.ejs) was displayed.	cac29b4b-94c7-4860-9da9-23d03e720193
20240731	23:19:04	INFO	app.get	landing page (index.ejs) was displayed.	479f90db-7191-4f9f-a777-890cc8886511
20240731	23:20:51	INFO	app.get	landing page (index.ejs) was displayed.	0fd90e68-01af-4032-9b31-e3cc10675663
20240731	23:25:31	INFO	app.get	landing page (index.ejs) was displayed.	30004f7b-d2b3-4b33-a856-d6e1f8b16456
20240731	23:25:34	INFO	app.get	landing page (index.ejs) was displayed.	aea6605f-c2b4-4040-8337-7ed0d3bd8415
20240731	23:25:38	INFO	app.get	landing page (index.ejs) was displayed.	704f159b-0924-4d49-a5e3-7a9fe4af1d2c
20240731	23:26:44	INFO	app.get	landing page (index.ejs) was displayed.	cd20be94-13cb-42af-b395-3fb75e0298c8
20240731	23:27:00	INFO	app.get	landing page (index.ejs) was displayed.	18b0b821-242c-4a1a-bcf5-7487f010546a
20240731	23:27:01	INFO	app.get	landing page (index.ejs) was displayed.	861873f9-f24a-47eb-854a-30dd869f058d
20240731	23:28:58	INFO	app.get	landing page (index.ejs) was displayed.	eda84795-b237-43fc-8633-0e7fb4c235f9
20240731	23:29:39	INFO	app.get	landing page (index.ejs) was displayed.	669af996-b38a-4508-a2ac-f178392993c4
20240731	23:31:07	INFO	app.get	landing page (index.ejs) was displayed.	2b5ee4c5-84d6-4b3e-a7f7-92f7a6fd6b5f
20240731	23:33:04	INFO	app.get	landing page (index.ejs) was displayed.	495be9dd-4d6c-4024-b53c-bfa1c955db18
20240731	23:34:19	INFO	app.get	landing page (index.ejs) was displayed.	2a39f3d8-637e-480a-af10-1541f1228b3c
20240731	23:34:22	INFO	app.get	landing page (index.ejs) was displayed.	cd49b38d-f15c-4dd5-b5ed-de4456cce0fe
20240731	23:34:35	INFO	app.get	landing page (index.ejs) was displayed.	3c134302-b0e6-44a3-8d3b-0774e249e491
20240731	23:35:20	INFO	app.get	landing page (index.ejs) was displayed.	21200530-8eab-4bd9-809f-692e90cd1a74
20240731	23:35:54	INFO	app.get	landing page (index.ejs) was displayed.	d2cafdfb-b190-4b95-b6ec-0738ebbfa4e7
20240731	23:36:15	INFO	app.get	landing page (index.ejs) was displayed.	5c78f85a-ba53-4969-a596-b07410ea4865
20240731	23:38:10	INFO	app.get	landing page (index.ejs) was displayed.	5b96220f-3c46-4b62-9e08-cb868b92b787
20240731	23:39:42	INFO	app.get	landing page (index.ejs) was displayed.	cfe488c5-38dd-4303-ad46-50220a6524b5
20240731	23:39:56	INFO	app.get	landing page (index.ejs) was displayed.	7d637854-1f99-447f-8429-4ab85c876be6
20240731	23:40:42	INFO	app.get	landing page (index.ejs) was displayed.	118a2b07-b395-44d8-9a49-45add8a23863
20240731	23:41:55	INFO	app.get	landing page (index.ejs) was displayed.	570d4b80-33a1-4f99-9b6a-5b76a085ee24
20240731	23:45:47	INFO	app.get	landing page (index.ejs) was displayed.	e49f36dc-a994-4956-9ebd-93e52ba43c18
20240731	23:47:23	INFO	app.get	landing page (index.ejs) was displayed.	4fa4494b-8ca1-4703-b009-71ee5e5a05d8
20240731	23:47:24	INFO	app.get	landing page (index.ejs) was displayed.	6726e169-85b7-427d-92eb-221ab5d936f9
20240731	23:52:57	INFO	app.get	landing page (index.ejs) was displayed.	0d28a4b5-0534-46a1-b293-984816d78505
