
20240809	17:08:39	SUCCESS	app.listen	HTTP server successfully started.	ad5fff53-54d0-4cce-a237-7d70588c1fc3
20240809	17:09:01	INFO	HTTP GET	/	ec6c342f-e20f-4c51-8360-7382cf35b2f0
20240809	17:09:01	INFO	app.get /	Home page (index.ejs) was displayed.	5094861c-20bb-4d87-be46-265aad276c64
20240809	17:09:02	INFO	HTTP GET	/favicon.ico	6f22082d-41a2-4fa8-a2ae-4d225c575881
20240809	17:09:02	ERROR	app.use 404	Page not found: /favicon.ico	990fce15-5907-4d07-b262-cf45322376bd
20240809	17:10:19	INFO	HTTP GET	/auth/new	9a56a56d-e9a8-4dcb-81ee-ea328491a51e
20240809	17:10:19	INFO	auth.get /new	Registration page displayed.	b6e65ed2-d81d-4493-9a27-cfd6721aeb37
20240809	17:10:19	INFO	HTTP GET	/styles/footer.css	20ced100-9f25-4b26-a8c5-dbf7757beb54
20240809	17:10:19	ERROR	app.use 404	Page not found: /styles/footer.css	b7def144-5017-49f0-b729-6acb0b026561
20240809	17:10:56	INFO	HTTP POST	/auth/new	8b11032c-9385-49ad-a236-04c19d77fe4e
20240809	17:10:57	INFO	addLogin	New login added for email: peter@vinovault.ca	7c2767a7-8862-493f-b9f5-bce6305b0aa9
20240809	17:10:57	SUCCESS	auth.post /new	User peter@vinovault.ca registered successfully.	7412b55f-73d1-4d76-8498-ef2a3585eef4
20240809	17:10:57	INFO	HTTP GET	/auth	5efaff7b-0a1f-4706-8703-a82ce5994233
20240809	17:10:57	INFO	auth.get /	Login page displayed.	3e3083cf-b4d5-4fe7-ba8f-f1e8d2940985
20240809	17:10:57	INFO	HTTP GET	/styles/footer.css	f493ba4c-3404-4d1d-a70c-06152657c9b1
20240809	17:10:57	ERROR	app.use 404	Page not found: /styles/footer.css	d0bda6c1-c64d-44a6-af6e-8a48b6a63610
20240809	17:11:23	INFO	HTTP POST	/auth	8059f56c-f3ba-42bc-935f-c1a180180373
20240809	17:11:23	INFO	getLoginByEmail	Login retrieval attempt for email: peter@vinovault.ca	60d99b84-c5e4-4cd7-9040-ca425f1d0ce1
20240809	17:11:23	SUCCESS	auth.post /	User peter@vinovault.ca logged in successfully.	4181e648-ce7d-4e21-90e8-19efee2e3a9b
20240809	17:11:23	INFO	HTTP GET	/search	5123df27-16cf-4092-9066-54f1420fa0c9
20240809	17:11:23	INFO	auth.api.authenticateJWT	JWT verified successfully	f83f4382-a37c-4e88-a344-e4206e55fa54
20240809	17:11:23	INFO	get /search	Loading search page data	999e219d-15c9-41c7-8877-ada2cf3de312
20240809	17:11:23	INFO	auth.api.setToken	JWT token set from session	18f7dec0-eeda-4082-9725-3d5058e9736d
20240809	17:11:23	INFO	get /search	Search page data loaded	9be92b37-451a-48d6-9ce7-edb8e8746214	Results: [object Object]
20240809	17:12:30	INFO	HTTP POST	/search	1051d2aa-87c5-49ad-ae38-13b86e11a613
20240809	17:12:30	INFO	auth.api.setToken	JWT token set from session	b1f0e3a8-eecc-468e-b294-97df3d2096e5
20240809	17:12:30	INFO	auth.api.authenticateJWT	JWT verified successfully	b2f16be8-6157-4c08-9b08-791ba8f0b54f
20240809	17:12:30	INFO	post /search	Search initiated	d7858b0c-aae7-4e8f-9c2a-e4287043374f	Search Keyword: "Rose France"	Database: mongodb
20240809	17:12:31	INFO	post /search	Search completed	2d519499-2e8f-4c81-9ae9-d37b0db20c2b	Search Keyword: "Rose France"	Database: mongodb	Results: 19
20240809	17:13:05	INFO	HTTP POST	/search	31d0ea05-cb2f-4a37-bd02-35125ba45b50
20240809	17:13:05	INFO	auth.api.setToken	JWT token set from session	25af1c39-1d03-4417-9e6b-f99550023e5e
20240809	17:13:05	INFO	auth.api.authenticateJWT	JWT verified successfully	06d12fa2-256a-4134-a67b-7906541fc3c5
20240809	17:13:05	INFO	post /search	Search initiated	f98d61bd-4100-400e-a0e4-5c455123fafd	Search Keyword: "Fruity and Spicy"	Database: postgres
20240809	17:13:05	INFO	post /search	Search completed	ea44f4ed-3bba-423a-b93f-4bfa8a327646	Search Keyword: "Fruity and Spicy"	Database: postgres	Results: 3
20240809	17:13:25	INFO	HTTP POST	/search	19aaa046-3c45-4835-ba82-5eeb6c29c261
20240809	17:13:25	INFO	auth.api.authenticateJWT	JWT verified successfully	cba597a6-19d3-4647-8039-c70f2c6449ba
20240809	17:13:25	INFO	auth.api.setToken	JWT token set from session	6cdf749c-2a2e-42c5-9775-5b127c573d8e
20240809	17:13:25	INFO	post /search	Search initiated	2fc7163f-4e91-42d7-83f4-c43eb685dfb4	Search Keyword: "Red Wine"	Database: postgres
20240809	17:13:25	INFO	post /search	Search completed	e1655b8f-c9a2-4e9f-92ca-fd7b0ca3ff6d	Search Keyword: "Red Wine"	Database: postgres	Results: 36
20240809	17:13:55	INFO	HTTP POST	/search/filter	354bf0eb-e5ec-46fb-b35f-d35c7de2e1c5
20240809	17:13:55	INFO	auth.api.setToken	JWT token set from session	26571c6a-e702-4051-8bd0-fd6a1b10d86b
20240809	17:13:55	INFO	auth.api.authenticateJWT	JWT verified successfully	a93b18d8-697b-4da1-9706-b23224b2aaef
20240809	17:13:55	INFO	post /search/filter	Filter applied	e007296a-99e8-4533-a22b-2c26214be133	Filter Type: country	Filter Value: Italy
20240809	17:13:55	INFO	post /search/filter	Filter completed	63d05fa8-fdde-427d-b8a9-2fdaf5678ddc	Results: 30	Filter Type: country	Filter Value: Italy
20240809	17:14:12	INFO	HTTP POST	/search/filter	e982737a-b21c-4451-b6b1-83ff8ac617a4
20240809	17:14:12	INFO	auth.api.setToken	JWT token set from session	e607f282-e0b9-4d70-9941-377537d5f1a0
20240809	17:14:12	INFO	auth.api.authenticateJWT	JWT verified successfully	3ffc5ce7-eb3a-4176-936f-e26b11fdec59
20240809	17:14:12	INFO	post /search/filter	Filter applied	82ef243e-ad8f-4a37-ace9-10497b6ba55a	Filter Type: color	Filter Value: Sparkling
20240809	17:14:12	INFO	post /search/filter	Filter completed	61cfb3f3-1068-4b90-ac20-525e97cbb9fa	Results: 38	Filter Type: color	Filter Value: Sparkling
20240809	17:14:36	INFO	HTTP POST	/search/filter	d221e8c8-0d70-4ed0-ab3d-5aa31d90621c
20240809	17:14:36	INFO	auth.api.setToken	JWT token set from session	b257926d-acb5-4ff6-bb47-6d62388b25bf
20240809	17:14:36	INFO	auth.api.authenticateJWT	JWT verified successfully	4efd5911-d482-4634-a732-f6620b5374a1
20240809	17:14:36	INFO	post /search/filter	Filter applied	0cdb821b-a613-4215-94cd-272075427c86	Filter Type: type	Filter Value: Cabernet Sauvignon
20240809	17:14:36	INFO	post /search/filter	Filter completed	c445e966-c4c5-4215-b842-005a6d9fecf0	Results: 23	Filter Type: type	Filter Value: Cabernet Sauvignon
20240809	17:14:36	INFO	HTTP GET	/images/caymus.png	75c1f44e-582c-46f7-9cca-8d6c2624e25d
20240809	17:14:36	ERROR	app.use 404	Page not found: /images/caymus.png	2899f2a4-6945-4f29-aa68-52104aac9088
20240809	17:14:52	INFO	HTTP POST	/vault/add/13	f5c24ad0-3307-4e2c-bb42-3f7c68293988
20240809	17:14:52	INFO	authMiddleware.setToken	JWT token set from session	fd1b916e-8ed6-4512-969e-a1d5263dad7a
20240809	17:14:52	INFO	authMiddleware.authenticateJWT	JWT verified successfully	7ffbd996-2991-4f02-8e96-59486b907036
20240809	17:14:54	SUCCESS	addWineToVault	Wine 13 added to vault for user peter@vinovault.ca.	a0c567b3-adf2-44fe-821e-211797e54226
20240809	17:14:54	SUCCESS	post /vault/add	Wine 13 added to vault for user peter@vinovault.ca.	92098cfe-92a9-4f83-a40f-eb128e7ce737
20240809	17:15:20	INFO	HTTP POST	/search	d37a08d8-0d86-486d-8d8f-ff5d7c7e00ac
20240809	17:15:20	INFO	auth.api.setToken	JWT token set from session	74e81ca3-c9fc-4a16-a93c-71db72743c88
20240809	17:15:20	INFO	auth.api.authenticateJWT	JWT verified successfully	33443318-9102-4408-bae1-e40e8fe8466f
20240809	17:15:20	INFO	post /search	Search initiated	0786abd9-8db1-41a3-910a-4543653da550	Search Keyword: "Pinot"	Database: mongodb
20240809	17:15:20	INFO	post /search	Search completed	5ed97f1c-2033-4f28-9d21-08f2965f377b	Search Keyword: "Pinot"	Database: mongodb	Results: 0
20240809	17:15:26	INFO	HTTP POST	/search	d4abc9d5-7ae0-459c-9234-6530f3ce70ef
20240809	17:15:26	INFO	auth.api.authenticateJWT	JWT verified successfully	c665586a-51c8-4ff0-a368-2a835f2eb67d
20240809	17:15:26	INFO	post /search	Search initiated	3b211d51-a4ac-47dd-8978-f542367d3836	Search Keyword: "Pinot Grigio"	Database: mongodb
20240809	17:15:26	INFO	auth.api.setToken	JWT token set from session	9db9a075-fe43-446f-bacd-02171ec050ad
20240809	17:15:26	INFO	post /search	Search completed	882f4bd1-2b57-43e9-b263-c5c0737e11e6	Search Keyword: "Pinot Grigio"	Database: mongodb	Results: 0
20240809	17:15:32	INFO	HTTP POST	/search	74cc4b47-98e5-4f0b-97f5-a5ff2b3cb192
20240809	17:15:32	INFO	auth.api.setToken	JWT token set from session	4b621466-4d6d-4e03-910a-742f6853e108
20240809	17:15:32	INFO	auth.api.authenticateJWT	JWT verified successfully	3fc86a0c-9f13-42e3-94fc-533f4cdf1262
20240809	17:15:32	INFO	post /search	Search initiated	cdc84ffc-e59e-45a0-bad1-abed23b3efc5	Search Keyword: "White Wine"	Database: mongodb
20240809	17:15:33	INFO	post /search	Search completed	e9865caf-7076-4770-90d1-dd423d0edfa1	Search Keyword: "White Wine"	Database: mongodb	Results: 21
20240809	17:15:51	INFO	HTTP POST	/vault/add/66b5e683f9e40ef006a4386f	23ac45fd-64d6-4c2e-b4cd-b11541fe7f9c
20240809	17:15:51	INFO	authMiddleware.setToken	JWT token set from session	7f0df380-1cce-4bf4-9ec5-f6a3f36ce256
20240809	17:15:51	INFO	authMiddleware.authenticateJWT	JWT verified successfully	31bac049-0adc-436f-974b-020109d1dc00
20240809	17:15:52	SUCCESS	addWineToVault	Wine 66b5e683f9e40ef006a4386f added to vault for user peter@vinovault.ca.	02abe81a-7ba3-408d-80da-b56c8fecd81f
20240809	17:15:52	SUCCESS	post /vault/add	Wine 66b5e683f9e40ef006a4386f added to vault for user peter@vinovault.ca.	9a0cadad-87b5-462f-9691-df64fb9b27b5
20240809	17:15:58	INFO	HTTP GET	/vault	fa6847f9-8286-4e07-a774-fa654120c525
20240809	17:15:58	INFO	authMiddleware.setToken	JWT token set from session	1d80d2ca-ad60-42a9-ada4-227c8f609de4
20240809	17:15:58	INFO	authMiddleware.authenticateJWT	JWT verified successfully	20bff6fe-2ecc-4eb7-b4ac-76c90a082a82
20240809	17:15:58	INFO	getVaultByUserId	Vault for user peter@vinovault.ca was retrieved.	43f836b9-ed1f-49af-a595-5fea707685f4
20240809	17:15:58	INFO	get /vault	Vault for user peter@vinovault.ca was displayed.	752d4a27-aa56-4f4a-9964-41dabc1fad2d
20240809	17:16:23	INFO	HTTP GET	/auth/exit	9527302e-f4fd-4246-9d7a-b706c823ddc3
20240809	17:16:23	SUCCESS	auth.get /exit	User logged out successfully.	f3cbdb0f-8811-4945-96ab-67b49ac12558
20240809	17:16:23	INFO	HTTP GET	/	be567210-203b-4595-8a8b-572cce9d6520
20240809	17:16:23	INFO	app.get /	Home page (index.ejs) was displayed.	9c90968b-f4e4-4049-96b4-d0733ada587f
20240809	17:16:29	INFO	HTTP GET	/auth/	a5010f9b-7564-4b0b-a93d-90f648bc4b9b
20240809	17:16:29	INFO	auth.get /	Login page displayed.	250d70cb-faa2-4ef7-88d5-63d2ca9815ec
20240809	17:16:29	INFO	HTTP GET	/styles/footer.css	1cb758fb-4ad4-46d4-83f4-aae043c78e91
20240809	17:16:29	ERROR	app.use 404	Page not found: /styles/footer.css	e2f2f6b3-31f0-4cc5-ae48-308f7f8e3b91
20240809	17:16:31	INFO	HTTP POST	/auth	ffe0a5b0-35c0-4ef3-b1b6-38bbe70291ce
20240809	17:16:32	INFO	getLoginByEmail	Login retrieval attempt for email: peter@vinovault.ca	b1dab3fa-758f-4ab4-9da3-28218108739b
20240809	17:16:32	SUCCESS	auth.post /	User peter@vinovault.ca logged in successfully.	e467c166-f9a0-4e97-93a3-4bb29307a20d
20240809	17:16:32	INFO	HTTP GET	/search	8940ae0c-4399-40e1-b478-b579f9812ca5
20240809	17:16:32	INFO	auth.api.setToken	JWT token set from session	3f7f3708-4759-484b-81de-eb36b40ef649
20240809	17:16:32	INFO	auth.api.authenticateJWT	JWT verified successfully	ab6788b6-afe0-4668-b906-49753de8ca72
20240809	17:16:32	INFO	get /search	Loading search page data	ed8f7da4-95a4-4603-88e0-f83d8bdd824c
20240809	17:16:32	INFO	get /search	Search page data loaded	e033100d-e880-4eac-bdfb-dc8ed2edbe09	Results: [object Object]
20240809	17:16:38	INFO	HTTP GET	/auth/exit	018ba564-55b6-4353-8e03-6c49adfd7fc3
20240809	17:16:38	SUCCESS	auth.get /exit	User logged out successfully.	ffb63315-3e0a-44c9-9538-4e64a3fdb353
20240809	17:16:38	INFO	HTTP GET	/	567629d6-1e5c-45c9-9799-aa5c70cc2af1
20240809	17:16:38	INFO	app.get /	Home page (index.ejs) was displayed.	71425be5-5a70-41a7-903b-b1e57a64f9ba
20240809	17:16:46	INFO	HTTP GET	/about	be11995f-06c3-4ff0-92b7-7c2b6e570793
20240809	17:16:46	INFO	app.get /about	About page (about.ejs) was displayed.	ba403f59-df13-45f7-b836-7a6a5d022630
20240809	17:16:46	INFO	HTTP GET	/images/wine-tasting.jpg	7eba9e74-43e1-4eff-90fb-1e3af9bd3287
20240809	17:16:46	ERROR	app.use 404	Page not found: /images/wine-tasting.jpg	8e3ee7e5-00c3-47cc-9c90-c5dd14d4948d
20240809	17:16:46	INFO	HTTP GET	/images/wine-cellar.jpg	fd189e3d-273c-4ef3-875d-ec2ececd644f
20240809	17:16:46	ERROR	app.use 404	Page not found: /images/wine-cellar.jpg	84da6f1e-2171-41ff-861b-e9bc3d44f583
20240809	17:16:49	INFO	HTTP GET	/contact	ee8063e5-9707-462b-a07a-851af3ae20de
20240809	17:16:49	INFO	app.get /contact	Contact Us page (contact.ejs) was displayed.	d7a12ae6-b1c1-4b17-a731-1bfef4c371f5
20240809	17:16:51	INFO	HTTP GET	/	4b60e336-ff81-4130-9d2d-915bd36b2543
20240809	17:16:51	INFO	app.get /	Home page (index.ejs) was displayed.	00b8a654-7757-40e1-a91d-b834d153eb5d
20240809	18:03:35	INFO	HTTP GET	/auth/	34e9d2c9-f333-4c0e-8b9d-43aab0a2d04c
20240809	18:03:35	INFO	auth.get /	Login page displayed.	75b1c103-b73c-4ba9-8177-48ce39358e17
20240809	18:03:35	INFO	HTTP GET	/styles/footer.css	d5c01b4d-eeab-4ea6-9a8f-2697008f8208
20240809	18:03:35	ERROR	app.use 404	Page not found: /styles/footer.css	6ce8d392-5d86-44bf-a42d-3a27390402a7
20240809	18:03:36	INFO	HTTP POST	/auth	599c7eab-110d-4495-8365-0b6904b1bc44
20240809	18:03:36	INFO	getLoginByEmail	Login retrieval attempt for email: peter@vinovault.ca	a3d50029-db0c-421e-bc89-5c0f3143f5fd
20240809	18:03:37	SUCCESS	auth.post /	User peter@vinovault.ca logged in successfully.	df67f303-ac4d-4627-b913-292ce817ca3c
20240809	18:03:37	INFO	HTTP GET	/search	dcd0a443-1a51-4104-b98c-8892389b6a8b
20240809	18:03:37	INFO	auth.api.setToken	JWT token set from session	8e360b70-cc07-4d2b-9fb6-53681c860a8a
20240809	18:03:37	INFO	auth.api.authenticateJWT	JWT verified successfully	5883086d-6e02-404d-88d7-5b31e1812684
20240809	18:03:37	INFO	get /search	Loading search page data	a1ab3ef5-80b0-4f65-beda-4e410d53b161
20240809	18:03:37	INFO	get /search	Search page data loaded	ba9e3087-0cff-4ddb-8bee-dba11dd65bf3	Results: [object Object]
20240809	18:03:40	INFO	HTTP POST	/search/filter	075bf11b-2a66-4933-a4ff-2fe2be3ca5c3
20240809	18:03:40	INFO	post /search/filter	Filter applied	b36198a5-f738-4106-b317-0d72e8d8ca7d	Filter Type: country	Filter Value: Australia
20240809	18:03:40	INFO	auth.api.authenticateJWT	JWT verified successfully	522716d1-2e64-4f47-a336-818c0aa6f76a
20240809	18:03:40	INFO	auth.api.setToken	JWT token set from session	d9c539b5-80f7-4088-9609-12eda4f5f4ef
20240809	18:03:40	INFO	post /search/filter	Filter completed	a8e32a64-aa1d-4073-a3f7-65b34e663527	Results: 22	Filter Type: country	Filter Value: Australia
20240809	18:03:41	INFO	HTTP POST	/vault/add/335	8a1aab1f-ef28-433d-aa07-7fc47a9978f8
20240809	18:03:41	INFO	authMiddleware.setToken	JWT token set from session	a3fb6af2-0d10-43af-a2e8-2b0d4dc5d066
20240809	18:03:41	INFO	authMiddleware.authenticateJWT	JWT verified successfully	76215ba0-99b9-4424-a96b-6ef6fb466d11
20240809	18:03:42	SUCCESS	addWineToVault	Wine 335 added to vault for user peter@vinovault.ca.	f35c9b0f-ebfc-4337-8141-079265bb8d3c
20240809	18:03:42	SUCCESS	post /vault/add	Wine 335 added to vault for user peter@vinovault.ca.	f57ca11b-8703-4117-8fb2-b35b147415f7
20240809	18:03:43	INFO	HTTP GET	/vault	bf890bb5-fb1d-410a-bf01-acd43adf44b6
20240809	18:03:43	INFO	authMiddleware.setToken	JWT token set from session	78dd6134-afb1-44dd-834e-44af33ab2d82
20240809	18:03:43	INFO	authMiddleware.authenticateJWT	JWT verified successfully	d2fec48b-1e39-4d0c-8e13-f62130a24d4b
20240809	18:03:44	INFO	getVaultByUserId	Vault for user peter@vinovault.ca was retrieved.	755a47a4-8a09-45e6-b947-77aba2d62e5f
20240809	18:03:44	INFO	get /vault	Vault for user peter@vinovault.ca was displayed.	fda93213-9d73-481e-bd27-6015f93307cb
20240809	18:03:54	INFO	HTTP GET	/vault	7e30eac6-d6e2-4840-928e-62639a6dc9b4
20240809	18:03:54	INFO	authMiddleware.setToken	JWT token set from session	eaa86c0d-c0c6-4243-aeee-c3731f594a02
20240809	18:03:54	INFO	authMiddleware.authenticateJWT	JWT verified successfully	2102a59f-e904-4fa2-af74-3ec0e4026628
20240809	18:03:54	INFO	getVaultByUserId	Vault for user peter@vinovault.ca was retrieved.	0f2a67b8-8236-4aa4-8754-5df2518bc475
20240809	18:03:54	INFO	get /vault	Vault for user peter@vinovault.ca was displayed.	e9185992-55cd-4223-92ad-319dfda5bd5b
20240809	18:12:11	INFO	HTTP GET	/auth/exit	cc963801-6fee-43bd-8ee3-7eabbf71e622
20240809	18:12:11	SUCCESS	auth.get /exit	User logged out successfully.	e3c45003-f791-494e-b870-b5c0044a5486
20240809	18:12:11	INFO	HTTP GET	/	79670885-0be8-4b6e-aece-15385e5f8fbf
20240809	18:12:11	INFO	app.get /	Home page (index.ejs) was displayed.	c341d811-102b-4b52-a14f-0fdd6cb9d907
20240809	18:32:43	SUCCESS	app.listen	HTTP server successfully started.	a02d023b-caf2-4cbb-867d-346082c08eea
20240809	18:32:48	INFO	HTTP GET	/	e2b2e089-f2e6-4c8d-9691-d2b9def5342f
20240809	18:32:48	INFO	app.get /	Home page (index.ejs) was displayed.	2bc22f7b-ebab-47f9-a1c5-2a857e3218ae
20240809	18:32:48	INFO	HTTP GET	/favicon.ico	144251e0-387e-463a-8a41-7a0b4643d975
20240809	18:32:48	ERROR	app.use 404	Page not found: /favicon.ico	3074123e-b23e-4d19-b46e-5a3a62920ff4
20240809	18:33:20	INFO	HTTP GET	/auth/new	2569a213-0f70-4a2c-bb07-452037a15574
20240809	18:33:20	INFO	auth.get /new	Registration page displayed.	3ced6f8b-b05c-4513-a7b0-d527bb0e4c58
20240809	18:33:20	INFO	HTTP GET	/styles/footer.css	5e5fb391-9444-40fb-8963-e3cd170d411b
20240809	18:33:20	ERROR	app.use 404	Page not found: /styles/footer.css	a797700a-9381-4104-bb1c-36f837bea9cf
20240809	18:33:51	INFO	HTTP POST	/auth/new	b86577f8-7338-427a-9b5f-dd3cff3480c3
20240809	18:33:52	INFO	addLogin	New login added for email: tester@vino.va	4b92d4f4-2c5e-44b3-877c-05ad14102c49
20240809	18:33:52	SUCCESS	auth.post /new	User tester@vino.va registered successfully.	d08b917e-4777-4cc2-ae94-36aeff4d89eb
20240809	18:33:52	INFO	HTTP GET	/auth	001b3416-0e82-45f2-be98-1093baf57763
20240809	18:33:52	INFO	auth.get /	Login page displayed.	44e8032a-3328-4800-b18a-d05143b71dae
20240809	18:33:52	INFO	HTTP GET	/styles/footer.css	8a5f2393-be0d-44a6-a6f6-57e20c870bce
20240809	18:33:52	ERROR	app.use 404	Page not found: /styles/footer.css	dd3284be-86d0-4a2e-90b7-988bab11459e
20240809	18:34:04	INFO	HTTP POST	/auth	d506da3f-55b0-4867-916b-4ef02a5f1117
20240809	18:34:04	INFO	getLoginByEmail	Login retrieval attempt for email: tester@vino.ca	c021d107-7f91-493a-9939-357b3e2c0008
20240809	18:34:04	WARN	auth.post /	Login failed: Incorrect email.	758a264d-aec8-47f6-9d44-187b46462d21
20240809	18:34:04	INFO	HTTP GET	/auth	962f6f05-c5f9-4d9c-9e9f-3038445800eb
20240809	18:34:04	INFO	auth.get /	Login page displayed.	8231e201-5541-4d38-88ee-b1cc62d65dd5
20240809	18:34:04	INFO	HTTP GET	/styles/footer.css	2a985224-db45-4a29-bb0e-2d920510e95a
20240809	18:34:04	ERROR	app.use 404	Page not found: /styles/footer.css	dbf004b2-6f92-4b37-985b-06b2c8b1834b
20240809	18:34:19	INFO	HTTP POST	/auth	435906da-94f0-430d-8c1a-163eca7c30ec
20240809	18:34:19	INFO	getLoginByEmail	Login retrieval attempt for email: tester@vino.ca	715a78a0-3ca3-4b2c-968d-795495688c6c
20240809	18:34:19	WARN	auth.post /	Login failed: Incorrect email.	01f9aa70-5aee-4b2c-a72c-4841f16e269a
20240809	18:34:19	INFO	HTTP GET	/auth	8e7fd749-0e07-43b6-8095-373115e81cb3
20240809	18:34:19	INFO	auth.get /	Login page displayed.	fa0978c8-d317-478c-97b1-1ed190caa77b
20240809	18:34:19	INFO	HTTP GET	/styles/footer.css	ba617682-98e0-4e9e-a9e7-679094efa877
20240809	18:34:19	ERROR	app.use 404	Page not found: /styles/footer.css	21113f5e-6006-421b-9781-cdf66d40a55a
20240809	18:34:21	INFO	HTTP GET	/styles/footer.css	66a08750-a0b2-42e9-a64e-23bd5a187780
20240809	18:34:21	ERROR	app.use 404	Page not found: /styles/footer.css	63411350-2714-46f0-abf4-19f2805f56b8
20240809	18:34:23	INFO	HTTP GET	/	75808fe0-630a-4228-aab3-cacbc6d152f7
20240809	18:34:23	INFO	app.get /	Home page (index.ejs) was displayed.	1e2fb588-e1d2-4327-8502-13c2a2696e57
20240809	18:34:25	INFO	HTTP GET	/auth/new	a75b293f-c08d-418d-8f7d-431b8645d626
20240809	18:34:25	INFO	auth.get /new	Registration page displayed.	661fc018-da08-4ecd-855c-05616d38650b
20240809	18:34:25	INFO	HTTP GET	/styles/footer.css	15f26559-6091-4c5e-8838-42d75a196b16
20240809	18:34:25	ERROR	app.use 404	Page not found: /styles/footer.css	e3fb02a4-3eaa-4256-96a8-acad15da4ca3
20240809	18:34:49	INFO	HTTP POST	/auth/new	6bf6f281-72ec-4d90-8ba6-321fdf26ee83
20240809	18:34:50	INFO	addLogin	New login added for email: brenda@brendabendiksen.com	a2e993d3-0a60-4b38-b40f-4026a1fc6dd7
20240809	18:34:50	SUCCESS	auth.post /new	User brenda@brendabendiksen.com registered successfully.	f9fea445-fd55-4283-a0cd-264d11d50ffa
20240809	18:34:50	INFO	HTTP GET	/auth	42a45064-5fef-457d-97fc-2308d9a63216
20240809	18:34:50	INFO	auth.get /	Login page displayed.	e8ac2c7b-5506-4a2f-8a0e-9d9a21553d86
20240809	18:34:50	INFO	HTTP GET	/styles/footer.css	b38f176f-fae0-4eac-8991-7138a716babd
20240809	18:34:50	ERROR	app.use 404	Page not found: /styles/footer.css	08acaca2-38bc-4452-a89f-a9a3220cd46d
20240809	18:35:05	INFO	HTTP POST	/auth	314938d7-91bc-4fab-8754-dd4b8ca34a5b
20240809	18:35:05	INFO	getLoginByEmail	Login retrieval attempt for email: brenda@brendabendiksen.com	f681a652-0c6f-4810-818a-a17ed68adeb4
20240809	18:35:05	SUCCESS	auth.post /	User brenda@brendabendiksen.com logged in successfully.	dc1c22ec-1269-4216-927a-b1c8edc8c4d7
20240809	18:35:05	INFO	HTTP GET	/search	f6f93325-80c3-4278-b7e6-c7ee3f580d46
20240809	18:35:05	INFO	auth.api.setToken	JWT token set from session	cc88e71b-c66f-4f2f-b906-dc236a987c1a
20240809	18:35:05	INFO	auth.api.authenticateJWT	JWT verified successfully	109cb05c-eb53-4370-8c4e-e0f18fe79c31
20240809	18:35:05	INFO	get /search	Loading search page data	dbcc9846-fab7-40a2-929b-f28061799c4b
20240809	18:35:05	INFO	get /search	Search page data loaded	d397ffd0-9a7e-4fab-a955-c9f45d5007ee	Results: [object Object]
20240809	18:35:15	INFO	HTTP POST	/search	b8934f11-8907-441d-9471-fcbc1da4de48
20240809	18:35:15	INFO	auth.api.authenticateJWT	JWT verified successfully	a14032d7-0929-43b4-ab4f-ec46c5ac9969
20240809	18:35:15	INFO	auth.api.setToken	JWT token set from session	b3354235-2314-4992-a96d-b24f09f420f1
20240809	18:35:15	INFO	post /search	Search initiated	10511d55-2e4d-4521-9d0f-696ce36686cf	Search Keyword: "Red Wine"	Database: mongodb
20240809	18:35:15	INFO	post /search	Search completed	90515d70-4406-4a80-9379-1f428807fe0d	Search Keyword: "Red Wine"	Database: mongodb	Results: 50
20240809	18:35:39	INFO	HTTP POST	/search	11f7c2e6-cf9a-4a55-94b0-0d8567dcdfb0
20240809	18:35:39	INFO	auth.api.setToken	JWT token set from session	fff20d7c-49ae-4891-bd25-e4e57e4e4109
20240809	18:35:39	INFO	auth.api.authenticateJWT	JWT verified successfully	d1e6f4f4-caec-417a-ac94-5d45c7ec361c
20240809	18:35:39	INFO	post /search	Search initiated	9d9769af-4bc3-4a9f-ade6-a06e50a265cb	Search Keyword: "Fruity and Spicy"	Database: postgres
20240809	18:35:39	INFO	post /search	Search completed	3de09368-3b96-480c-92cc-92ff4e4b9ae8	Search Keyword: "Fruity and Spicy"	Database: postgres	Results: 3
20240809	18:35:45	INFO	HTTP POST	/vault/add/350	7fef19c1-51c3-42e8-a156-ad9870cf02c9
20240809	18:35:45	INFO	authMiddleware.authenticateJWT	JWT verified successfully	b2974f95-7eca-46ea-8c68-63d9ee210936
20240809	18:35:45	INFO	authMiddleware.setToken	JWT token set from session	e127a01c-c184-4350-b3b8-53e0f22066cd
20240809	18:35:46	SUCCESS	addWineToVault	Wine 350 added to vault for user brenda@brendabendiksen.com.	cb52acc9-1466-4ef9-a619-fe5a767af937
20240809	18:35:46	SUCCESS	post /vault/add	Wine 350 added to vault for user brenda@brendabendiksen.com.	24327f7b-4167-4a68-b481-441502375977
20240809	18:35:54	INFO	HTTP POST	/search/filter	2139106b-c372-4769-a656-03c340aec002
20240809	18:35:54	INFO	auth.api.setToken	JWT token set from session	7e514826-2446-4df2-8a8f-a653f8daa352
20240809	18:35:54	INFO	auth.api.authenticateJWT	JWT verified successfully	945f8f2c-9ee4-4eba-a291-fc0a67c969bf
20240809	18:35:54	INFO	post /search/filter	Filter applied	205d66e8-7b75-4918-b239-be0b60baf766	Filter Type: country	Filter Value: Canada
20240809	18:35:54	INFO	post /search/filter	Filter completed	4b693128-06b9-4efd-8920-49606277a905	Results: 25	Filter Type: country	Filter Value: Canada
20240809	18:36:03	INFO	HTTP POST	/vault/add/340	aa390605-72d7-42bd-90a3-029e1d23cf24
20240809	18:36:03	INFO	authMiddleware.setToken	JWT token set from session	6817edc5-bbaf-46f9-a455-ac2bb6cc5e1d
20240809	18:36:03	INFO	authMiddleware.authenticateJWT	JWT verified successfully	74f8feee-ee66-44ae-ac06-85301042e03e
20240809	18:36:03	SUCCESS	addWineToVault	Wine 340 added to vault for user brenda@brendabendiksen.com.	c5f5dff9-b188-449b-9218-5d80ff1b9984
20240809	18:36:03	SUCCESS	post /vault/add	Wine 340 added to vault for user brenda@brendabendiksen.com.	ffdbce9e-9be1-49ae-81dd-19e47a6d764a
20240809	18:36:08	INFO	HTTP POST	/search/filter	e6a52ef6-d4f1-43c7-8ec6-0544aec0b291
20240809	18:36:08	INFO	auth.api.setToken	JWT token set from session	12bb8fd7-fcb7-476d-8f26-e9c07fad7fb6
20240809	18:36:08	INFO	auth.api.authenticateJWT	JWT verified successfully	623be290-403c-4dac-b16e-f2fbd51685a4
20240809	18:36:08	INFO	post /search/filter	Filter applied	644f6377-b5d3-4d63-8f4e-e7e507626922	Filter Type: color	Filter Value: Rosé
20240809	18:36:08	INFO	post /search/filter	Filter completed	b807e78c-dfd5-4768-a71d-df7a638c64db	Results: 3	Filter Type: color	Filter Value: Rosé
20240809	18:36:13	INFO	HTTP POST	/vault/add/5	6747c631-02e4-4191-836f-be5aadf8c48b
20240809	18:36:13	INFO	authMiddleware.setToken	JWT token set from session	ff6fede8-91cc-4e76-aca0-1cf66b9ba778
20240809	18:36:13	INFO	authMiddleware.authenticateJWT	JWT verified successfully	4e33997e-bf03-44d0-80d3-74f584a83b3a
20240809	18:36:13	SUCCESS	addWineToVault	Wine 5 added to vault for user brenda@brendabendiksen.com.	7362ed4b-591d-47b0-b881-66acb2909c6b
20240809	18:36:13	SUCCESS	post /vault/add	Wine 5 added to vault for user brenda@brendabendiksen.com.	a824cf9e-a733-4459-9aef-23ba3895e9f0
20240809	18:36:20	INFO	HTTP POST	/search/filter	ddf53834-50bf-4ae5-bc31-3f22936b63d6
20240809	18:36:20	INFO	auth.api.setToken	JWT token set from session	65ddcb52-9e33-46a0-99e3-6281520870dd
20240809	18:36:20	INFO	auth.api.authenticateJWT	JWT verified successfully	6489dd11-670a-4682-932a-9ef72180fbd3
20240809	18:36:20	INFO	post /search/filter	Filter applied	727d8ac5-d02f-4db9-84ac-8942780a08d5	Filter Type: type	Filter Value: Cabernet Sauvignon
20240809	18:36:20	INFO	post /search/filter	Filter completed	a6621ee9-e06d-45aa-a8dc-2df2c0d156ed	Results: 23	Filter Type: type	Filter Value: Cabernet Sauvignon
20240809	18:36:20	INFO	HTTP GET	/images/caymus.png	28dc5f3a-77bf-4d5e-bbb0-8091d0ceb13f
20240809	18:36:20	ERROR	app.use 404	Page not found: /images/caymus.png	79584950-4c63-46d9-981e-e017a9465eea
20240809	18:36:23	INFO	HTTP POST	/vault/add/301	ab75a60d-f5be-4d7d-a9f0-cfe771fb9e76
20240809	18:36:23	INFO	authMiddleware.setToken	JWT token set from session	8efb6a9b-2e0d-4932-9dc1-6f7bb2eef24a
20240809	18:36:23	INFO	authMiddleware.authenticateJWT	JWT verified successfully	d3456d01-29e2-4a1b-8078-f4d8270a6076
20240809	18:36:24	SUCCESS	addWineToVault	Wine 301 added to vault for user brenda@brendabendiksen.com.	e87e5462-1a64-458d-a6f1-e5f23d7c2afa
20240809	18:36:24	SUCCESS	post /vault/add	Wine 301 added to vault for user brenda@brendabendiksen.com.	12bf91a9-2572-47ad-a1f3-46d07bcfe0c0
20240809	18:36:29	INFO	HTTP GET	/vault	e5a4b913-c789-4bd5-9abd-861062340216
20240809	18:36:29	INFO	authMiddleware.setToken	JWT token set from session	22b022c3-37be-414a-a06e-abb466a12134
20240809	18:36:29	INFO	authMiddleware.authenticateJWT	JWT verified successfully	4beb2d6a-1c4b-4661-b88c-164c6dfcc77a
20240809	18:36:30	INFO	getVaultByUserId	Vault for user brenda@brendabendiksen.com was retrieved.	358a7eaa-459a-4ffb-a408-5a3b17859ca3
20240809	18:36:30	INFO	get /vault	Vault for user brenda@brendabendiksen.com was displayed.	91a4be47-82e9-43a5-ada0-3031ee62a2a4
20240809	18:36:49	INFO	HTTP GET	/about	4f15d086-9521-4a8a-aa52-eba2a5123267
20240809	18:36:49	INFO	app.get /about	About page (about.ejs) was displayed.	a3ec6b83-2257-488d-b2a5-666b29e2beb4
20240809	18:36:49	INFO	HTTP GET	/images/wine-tasting.jpg	75acc9c0-c7c1-4fd1-b51c-c2df16de28d2
20240809	18:36:49	ERROR	app.use 404	Page not found: /images/wine-tasting.jpg	d5e860f8-e457-4394-bceb-bc2b91ad3bbf
20240809	18:36:49	INFO	HTTP GET	/images/wine-cellar.jpg	5e8fa878-2858-4a03-8d63-26c97b00eee4
20240809	18:36:49	ERROR	app.use 404	Page not found: /images/wine-cellar.jpg	9302d3e8-5aef-47d1-8f29-1c92f6d20cad
20240809	18:36:53	INFO	HTTP GET	/contact	4e487b42-62c2-429b-a427-213ccfa1be34
20240809	18:36:53	INFO	app.get /contact	Contact Us page (contact.ejs) was displayed.	df05624a-a0aa-4923-b2e9-bc8cbc92b39f
20240809	18:36:55	INFO	HTTP GET	/	5f9f2d35-bb9f-47cb-b933-632a0defba3e
20240809	18:36:55	INFO	app.get /	Home page (index.ejs) was displayed.	d327a44e-14fc-4f47-a3f2-74ceaf6eacf9
